  Decal.cpp
  simulation.cpp
D:\учеба\ComputerGraficLab11\simulation.cpp(8,12): warning C4244: инициализация: преобразование "__int64" в "float", возможна потеря данных
D:\учеба\ComputerGraficLab11\simulation.cpp(14,25): warning C4244: инициализация: преобразование "LONGLONG" в "double", возможна потеря данных
D:\учеба\ComputerGraficLab11\simulation.cpp(15,10): warning C4244: инициализация: преобразование "float" в "int", возможна потеря данных
D:\учеба\ComputerGraficLab11\simulation.cpp(23,24): warning C4244: =: преобразование "LONGLONG" в "double", возможна потеря данных
D:\учеба\ComputerGraficLab11\simulation.cpp(24,19): warning C4244: аргумент: преобразование "double" в "float", возможна потеря данных
D:\учеба\ComputerGraficLab11\simulation.cpp(25,24): warning C4244: аргумент: преобразование "double" в "float", возможна потеря данных
D:\учеба\ComputerGraficLab11\simulation.cpp(29,28): warning C4244: аргумент: преобразование "LONGLONG" в "double", возможна потеря данных
  Создание кода...
Computer.49fe10b8\Debug\Material.obj : warning LNK4042: объект указан более одного раза; лишние не учитываются
GameObjectFactory.obj : error LNK2019: ссылка на неразрешенный внешний символ "public: void __thiscall Material::setDiffuse(struct glm::vec<4,float,0>)" (?setDiffuse@Material@@QAEXU?$vec@$03M$0A@@glm@@@Z) в функции "public: bool __thiscall GameObjectFactory::init(class std::basic_string<char,struct std::char_traits<char>,class std::allocator<char> >)" (?init@GameObjectFactory@@QAE_NV?$basic_string@DU?$char_traits@D@std@@V?$allocator@D@2@@std@@@Z).
GameObjectFactory.obj : error LNK2019: ссылка на неразрешенный внешний символ "public: void __thiscall Material::setAmbient(struct glm::vec<4,float,0>)" (?setAmbient@Material@@QAEXU?$vec@$03M$0A@@glm@@@Z) в функции "public: bool __thiscall GameObjectFactory::init(class std::basic_string<char,struct std::char_traits<char>,class std::allocator<char> >)" (?init@GameObjectFactory@@QAE_NV?$basic_string@DU?$char_traits@D@std@@V?$allocator@D@2@@std@@@Z).
GameObjectFactory.obj : error LNK2019: ссылка на неразрешенный внешний символ "public: void __thiscall Material::setSpecular(struct glm::vec<4,float,0>)" (?setSpecular@Material@@QAEXU?$vec@$03M$0A@@glm@@@Z) в функции "public: bool __thiscall GameObjectFactory::init(class std::basic_string<char,struct std::char_traits<char>,class std::allocator<char> >)" (?init@GameObjectFactory@@QAE_NV?$basic_string@DU?$char_traits@D@std@@V?$allocator@D@2@@std@@@Z).
GameObjectFactory.obj : error LNK2019: ссылка на неразрешенный внешний символ "public: void __thiscall Material::setEmission(struct glm::vec<4,float,0>)" (?setEmission@Material@@QAEXU?$vec@$03M$0A@@glm@@@Z) в функции "public: bool __thiscall GameObjectFactory::init(class std::basic_string<char,struct std::char_traits<char>,class std::allocator<char> >)" (?init@GameObjectFactory@@QAE_NV?$basic_string@DU?$char_traits@D@std@@V?$allocator@D@2@@std@@@Z).
GameObjectFactory.obj : error LNK2019: ссылка на неразрешенный внешний символ "public: void __thiscall Material::setShininess(float)" (?setShininess@Material@@QAEXM@Z) в функции "public: bool __thiscall GameObjectFactory::init(class std::basic_string<char,struct std::char_traits<char>,class std::allocator<char> >)" (?init@GameObjectFactory@@QAE_NV?$basic_string@DU?$char_traits@D@std@@V?$allocator@D@2@@std@@@Z).
PhongMaterial.obj : error LNK2019: ссылка на неразрешенный внешний символ "public: __thiscall Material::Material(void)" (??0Material@@QAE@XZ) в функции "public: __thiscall PhongMaterial::PhongMaterial(void)" (??0PhongMaterial@@QAE@XZ).
PhongMaterialWithTexture.obj : error LNK2001: неразрешенный внешний символ "public: __thiscall Material::Material(void)" (??0Material@@QAE@XZ).
PhongMaterial.obj : error LNK2019: ссылка на неразрешенный внешний символ "public: __thiscall Material::Material(class std::basic_string<char,struct std::char_traits<char>,class std::allocator<char> >)" (??0Material@@QAE@V?$basic_string@DU?$char_traits@D@std@@V?$allocator@D@2@@std@@@Z) в функции "public: __thiscall PhongMaterial::PhongMaterial(class std::basic_string<char,struct std::char_traits<char>,class std::allocator<char> >)" (??0PhongMaterial@@QAE@V?$basic_string@DU?$char_traits@D@std@@V?$allocator@D@2@@std@@@Z).
PhongMaterialWithTexture.obj : error LNK2001: неразрешенный внешний символ "public: __thiscall Material::Material(class std::basic_string<char,struct std::char_traits<char>,class std::allocator<char> >)" (??0Material@@QAE@V?$basic_string@DU?$char_traits@D@std@@V?$allocator@D@2@@std@@@Z).
D:\учеба\ComputerGraficLab11\Debug\ComputerGraficLab11.exe : fatal error LNK1120: неразрешенных внешних элементов: 7
