d:\учеба\computergraficlab11\computer.49fe10b8\debug\vc143.pdb
d:\учеба\computergraficlab11\computer.49fe10b8\debug\vc143.idb
d:\учеба\computergraficlab11\computer.49fe10b8\debug\texture.obj
d:\учеба\computergraficlab11\computer.49fe10b8\debug\simulation.obj
d:\учеба\computergraficlab11\computer.49fe10b8\debug\phongmaterialwithtexture.obj
d:\учеба\computergraficlab11\computer.49fe10b8\debug\phongmaterial.obj
d:\учеба\computergraficlab11\computer.49fe10b8\debug\mesh.obj
d:\учеба\computergraficlab11\computer.49fe10b8\debug\material.obj
d:\учеба\computergraficlab11\computer.49fe10b8\debug\main.obj
d:\учеба\computergraficlab11\computer.49fe10b8\debug\light.obj
d:\учеба\computergraficlab11\computer.49fe10b8\debug\graphicobject.obj
d:\учеба\computergraficlab11\computer.49fe10b8\debug\gameobjectfactory.obj
d:\учеба\computergraficlab11\computer.49fe10b8\debug\gameobject.obj
d:\учеба\computergraficlab11\computer.49fe10b8\debug\display.obj
d:\учеба\computergraficlab11\computer.49fe10b8\debug\data.obj
d:\учеба\computergraficlab11\computer.49fe10b8\debug\camera.obj
d:\учеба\computergraficlab11\computer.49fe10b8\debug\decal.obj
d:\учеба\computergraficlab11\debug\computergraficlab11.exe
d:\учеба\computergraficlab11\debug\computergraficlab11.pdb
d:\учеба\computergraficlab11\computer.49fe10b8\debug\computergraficlab11.ilk
d:\учеба\computergraficlab11\computer.49fe10b8\debug\computer.49fe10b8.tlog\cl.command.1.tlog
d:\учеба\computergraficlab11\computer.49fe10b8\debug\computer.49fe10b8.tlog\cl.items.tlog
d:\учеба\computergraficlab11\computer.49fe10b8\debug\computer.49fe10b8.tlog\cl.read.1.tlog
d:\учеба\computergraficlab11\computer.49fe10b8\debug\computer.49fe10b8.tlog\cl.write.1.tlog
d:\учеба\computergraficlab11\computer.49fe10b8\debug\computer.49fe10b8.tlog\link-cvtres.read.1.tlog
d:\учеба\computergraficlab11\computer.49fe10b8\debug\computer.49fe10b8.tlog\link-cvtres.write.1.tlog
d:\учеба\computergraficlab11\computer.49fe10b8\debug\computer.49fe10b8.tlog\link-rc.read.1.tlog
d:\учеба\computergraficlab11\computer.49fe10b8\debug\computer.49fe10b8.tlog\link-rc.write.1.tlog
d:\учеба\computergraficlab11\computer.49fe10b8\debug\computer.49fe10b8.tlog\link.18752-cvtres.read.1.tlog
d:\учеба\computergraficlab11\computer.49fe10b8\debug\computer.49fe10b8.tlog\link.18752-cvtres.write.1.tlog
d:\учеба\computergraficlab11\computer.49fe10b8\debug\computer.49fe10b8.tlog\link.18752-rc.read.1.tlog
d:\учеба\computergraficlab11\computer.49fe10b8\debug\computer.49fe10b8.tlog\link.18752-rc.write.1.tlog
d:\учеба\computergraficlab11\computer.49fe10b8\debug\computer.49fe10b8.tlog\link.18752.read.1.tlog
d:\учеба\computergraficlab11\computer.49fe10b8\debug\computer.49fe10b8.tlog\link.18752.write.1.tlog
d:\учеба\computergraficlab11\computer.49fe10b8\debug\computer.49fe10b8.tlog\link.command.1.tlog
d:\учеба\computergraficlab11\computer.49fe10b8\debug\computer.49fe10b8.tlog\link.read.1.tlog
d:\учеба\computergraficlab11\computer.49fe10b8\debug\computer.49fe10b8.tlog\link.secondary.1.tlog
d:\учеба\computergraficlab11\computer.49fe10b8\debug\computer.49fe10b8.tlog\link.write.1.tlog
